\BOOKMARK [0][-]{chapter.1}{\376\377\173\054\000\061\172\340\000\040\137\025\212\000}{}% 1
\BOOKMARK [1][-]{section.1.1}{\376\377\147\054\145\207\166\204\141\017\116\111}{chapter.1}% 2
\BOOKMARK [1][-]{section.1.2}{\376\377\170\024\172\166\163\260\162\266}{chapter.1}% 3
\BOOKMARK [1][-]{section.1.3}{\376\377\147\054\145\207\166\204\135\345\117\134}{chapter.1}% 4
\BOOKMARK [1][-]{section.1.4}{\376\377\213\272\145\207\176\323\147\204\173\200\116\313}{chapter.1}% 5
\BOOKMARK [0][-]{chapter.2}{\376\377\173\054\000\062\172\340\000\040\230\204\131\007\167\345\213\306}{}% 6
\BOOKMARK [1][-]{section.2.1}{\376\377\167\345\213\306\136\223\152\041\127\213\170\024\172\166}{chapter.2}% 7
\BOOKMARK [2][-]{subsection.2.1.1}{\376\377\167\345\213\306\136\223\116\016\136\372\152\041}{section.2.1}% 8
\BOOKMARK [2][-]{subsection.2.1.2}{\376\377\177\373\213\321\152\041\127\213\166\204\170\024\172\166}{section.2.1}% 9
\BOOKMARK [1][-]{section.2.2}{\376\377\147\054\117\123\167\345\213\306\136\223\152\041\127\213}{chapter.2}% 10
\BOOKMARK [2][-]{subsection.2.2.1}{\376\377\143\317\217\360\220\073\217\221\116\016\000\117\000\127\000\114}{section.2.2}% 11
\BOOKMARK [2][-]{subsection.2.2.2}{\376\377\147\054\117\123\121\263\145\255\226\306}{section.2.2}% 12
\BOOKMARK [1][-]{section.2.3}{\376\377\143\317\217\360\220\073\217\221\156\257\126\340\213\312\145\255}{chapter.2}% 13
\BOOKMARK [2][-]{subsection.2.3.1}{\376\377\213\272\127\337\213\315\154\107\210\150\116\016\147\057\213\355\145\255\212\000}{section.2.3}% 14
\BOOKMARK [2][-]{subsection.2.3.2}{\376\377\156\257\126\340\213\312\145\255}{section.2.3}% 15
\BOOKMARK [1][-]{section.2.4}{\376\377\133\232\116\111}{chapter.2}% 16
\BOOKMARK [0][-]{chapter.3}{\376\377\173\054\000\063\172\340\000\040\127\372\116\216\121\263\145\255\226\306\152\041\147\177\217\333\210\114\156\257\126\340\213\312\145\255}{}% 17
\BOOKMARK [1][-]{section.3.1}{\376\377\211\343\221\312\116\016\121\263\133\232\226\306}{chapter.3}% 18
\BOOKMARK [1][-]{section.3.2}{\376\377\000\122\000\104\000\106\000\123\147\204\136\372\150\106\147\266}{chapter.3}% 19
\BOOKMARK [0][-]{chapter.4}{\376\377\173\054\000\064\172\340\000\040\133\236\232\214\116\016\122\006\147\220}{}% 20
\BOOKMARK [1][-]{section.4.1}{\376\377\133\236\232\214\135\345\121\167\116\016\163\257\130\203}{chapter.4}% 21
\BOOKMARK [1][-]{section.4.2}{\376\377\172\013\136\217\150\106\147\266}{chapter.4}% 22
\BOOKMARK [1][-]{section.4.3}{\376\377\211\343\221\312\127\372\145\160\133\371\165\037\142\020\211\343\221\312\166\204\145\110\163\207\116\345\123\312\145\160\221\317\133\371\153\324\133\236\232\214}{chapter.4}% 23
\BOOKMARK [2][-]{subsection.4.3.1}{\376\377\133\236\232\214\213\276\213\241}{section.4.3}% 24
\BOOKMARK [2][-]{subsection.4.3.2}{\376\377\133\236\232\214\176\323\147\234\116\016\145\160\143\156\122\006\147\220}{section.4.3}% 25
\BOOKMARK [1][-]{section.4.4}{\376\377\121\263\145\255\226\306\152\041\147\177\211\343\221\312\117\356\131\015\167\345\213\306\136\223\152\041\127\213\133\371\153\324\133\236\232\214}{chapter.4}% 26
\BOOKMARK [2][-]{subsection.4.4.1}{\376\377\133\236\232\214\213\276\213\241}{section.4.4}% 27
\BOOKMARK [2][-]{subsection.4.4.2}{\376\377\133\236\232\214\176\323\147\234\116\016\145\160\143\156\122\006\147\220}{section.4.4}% 28
\BOOKMARK [0][-]{chapter.5}{\376\377\173\054\000\065\172\340\000\040\140\073\176\323\116\016\134\125\147\033}{}% 29
\BOOKMARK [1][-]{section.5.1}{\376\377\135\345\117\134\140\073\176\323}{chapter.5}% 30
\BOOKMARK [1][-]{section.5.2}{\376\377\116\015\215\263\116\016\145\071\217\333\145\271\124\021}{chapter.5}% 31
\BOOKMARK [0][-]{chapter*.5}{\376\377\201\364\000\040\214\042}{}% 32
\BOOKMARK [0][-]{section*.6}{\376\377\123\302\200\003\145\207\163\056}{}% 33
\BOOKMARK [0][-]{chapter*.8}{\376\377\226\104\000\040\137\125}{}% 34
\BOOKMARK [0][-]{chapter*.9}{\376\377\123\237\122\033\140\047\130\360\146\016}{}% 35
